25-Jul-2023 11:32:14.893 INFO [main] org.apache.catalina.startup.VersionLoggerListener.log Server version name:   Apache Tomcat/9.0.78
25-Jul-2023 11:32:14.895 INFO [main] org.apache.catalina.startup.VersionLoggerListener.log Server built:          Jul 4 2023 13:15:43 UTC
25-Jul-2023 11:32:14.895 INFO [main] org.apache.catalina.startup.VersionLoggerListener.log Server version number: 9.0.78.0
25-Jul-2023 11:32:14.895 INFO [main] org.apache.catalina.startup.VersionLoggerListener.log OS Name:               Linux
25-Jul-2023 11:32:14.895 INFO [main] org.apache.catalina.startup.VersionLoggerListener.log OS Version:            5.15.0-76-generic
25-Jul-2023 11:32:14.895 INFO [main] org.apache.catalina.startup.VersionLoggerListener.log Architecture:          amd64
25-Jul-2023 11:32:14.895 INFO [main] org.apache.catalina.startup.VersionLoggerListener.log Java Home:             /usr/lib/jvm/jdk1.8.0_161/jre
25-Jul-2023 11:32:14.896 INFO [main] org.apache.catalina.startup.VersionLoggerListener.log JVM Version:           1.8.0_372-b07
25-Jul-2023 11:32:14.896 INFO [main] org.apache.catalina.startup.VersionLoggerListener.log JVM Vendor:            Amazon.com Inc.
25-Jul-2023 11:32:14.896 INFO [main] org.apache.catalina.startup.VersionLoggerListener.log CATALINA_BASE:         /home/cavisson/Development/Udemy/apache-tomcat-9.0.78
25-Jul-2023 11:32:14.896 INFO [main] org.apache.catalina.startup.VersionLoggerListener.log CATALINA_HOME:         /home/cavisson/Development/Udemy/apache-tomcat-9.0.78
25-Jul-2023 11:32:14.925 INFO [main] org.apache.catalina.startup.VersionLoggerListener.log Command line argument: -Djava.util.logging.config.file=/home/cavisson/Development/Udemy/apache-tomcat-9.0.78/conf/logging.properties
25-Jul-2023 11:32:14.925 INFO [main] org.apache.catalina.startup.VersionLoggerListener.log Command line argument: -Djava.util.logging.manager=org.apache.juli.ClassLoaderLogManager
25-Jul-2023 11:32:14.925 INFO [main] org.apache.catalina.startup.VersionLoggerListener.log Command line argument: -XX:+AggressiveOpts
25-Jul-2023 11:32:14.925 INFO [main] org.apache.catalina.startup.VersionLoggerListener.log Command line argument: -Xms256m
25-Jul-2023 11:32:14.925 INFO [main] org.apache.catalina.startup.VersionLoggerListener.log Command line argument: -Xmx512m
25-Jul-2023 11:32:14.926 INFO [main] org.apache.catalina.startup.VersionLoggerListener.log Command line argument: -XX:MaxPermSize=256m
25-Jul-2023 11:32:14.926 INFO [main] org.apache.catalina.startup.VersionLoggerListener.log Command line argument: -XX:+DisableExplicitGC
25-Jul-2023 11:32:14.926 INFO [main] org.apache.catalina.startup.VersionLoggerListener.log Command line argument: -Djdk.tls.ephemeralDHKeySize=2048
25-Jul-2023 11:32:14.926 INFO [main] org.apache.catalina.startup.VersionLoggerListener.log Command line argument: -Djava.protocol.handler.pkgs=org.apache.catalina.webresources
25-Jul-2023 11:32:14.926 INFO [main] org.apache.catalina.startup.VersionLoggerListener.log Command line argument: -Dorg.apache.catalina.security.SecurityListener.UMASK=0027
25-Jul-2023 11:32:14.926 INFO [main] org.apache.catalina.startup.VersionLoggerListener.log Command line argument: -Dignore.endorsed.dirs=
25-Jul-2023 11:32:14.926 INFO [main] org.apache.catalina.startup.VersionLoggerListener.log Command line argument: -Dcatalina.base=/home/cavisson/Development/Udemy/apache-tomcat-9.0.78
25-Jul-2023 11:32:14.926 INFO [main] org.apache.catalina.startup.VersionLoggerListener.log Command line argument: -Dcatalina.home=/home/cavisson/Development/Udemy/apache-tomcat-9.0.78
25-Jul-2023 11:32:14.926 INFO [main] org.apache.catalina.startup.VersionLoggerListener.log Command line argument: -Djava.io.tmpdir=/home/cavisson/Development/Udemy/apache-tomcat-9.0.78/temp
25-Jul-2023 11:32:14.969 INFO [main] org.apache.catalina.core.AprLifecycleListener.lifecycleEvent The Apache Tomcat Native library which allows using OpenSSL was not found on the java.library.path: [/u01/app/oracle/product/11.2.0/xe/lib::/usr/java/packages/lib/amd64:/usr/lib64:/lib64:/lib:/usr/lib]
25-Jul-2023 11:32:15.646 INFO [main] org.apache.coyote.AbstractProtocol.init Initializing ProtocolHandler ["http-nio-8080"]
25-Jul-2023 11:32:15.665 INFO [main] org.apache.catalina.startup.Catalina.load Server initialization in [1163] milliseconds
25-Jul-2023 11:32:15.754 INFO [main] org.apache.catalina.core.StandardService.startInternal Starting service [Catalina]
25-Jul-2023 11:32:15.754 INFO [main] org.apache.catalina.core.StandardEngine.startInternal Starting Servlet engine: [Apache Tomcat/9.0.78]
25-Jul-2023 11:32:15.763 INFO [main] org.apache.catalina.startup.HostConfig.deployDirectory Deploying web application directory [/home/cavisson/Development/Udemy/apache-tomcat-9.0.78/webapps/ROOT]
25-Jul-2023 11:32:21.011 WARNING [main] org.apache.catalina.util.SessionIdGeneratorBase.createSecureRandom Creation of SecureRandom instance for session ID generation using [SHA1PRNG] took [5,005] milliseconds.
25-Jul-2023 11:32:21.053 INFO [main] org.apache.catalina.startup.HostConfig.deployDirectory Deployment of web application directory [/home/cavisson/Development/Udemy/apache-tomcat-9.0.78/webapps/ROOT] has finished in [5,289] ms
25-Jul-2023 11:32:21.053 INFO [main] org.apache.catalina.startup.HostConfig.deployDirectory Deploying web application directory [/home/cavisson/Development/Udemy/apache-tomcat-9.0.78/webapps/docs]
25-Jul-2023 11:32:21.076 INFO [main] org.apache.catalina.startup.HostConfig.deployDirectory Deployment of web application directory [/home/cavisson/Development/Udemy/apache-tomcat-9.0.78/webapps/docs] has finished in [22] ms
25-Jul-2023 11:32:21.077 INFO [main] org.apache.catalina.startup.HostConfig.deployDirectory Deploying web application directory [/home/cavisson/Development/Udemy/apache-tomcat-9.0.78/webapps/manager]
25-Jul-2023 11:32:21.128 INFO [main] org.apache.catalina.startup.HostConfig.deployDirectory Deployment of web application directory [/home/cavisson/Development/Udemy/apache-tomcat-9.0.78/webapps/manager] has finished in [50] ms
25-Jul-2023 11:32:21.128 INFO [main] org.apache.catalina.startup.HostConfig.deployDirectory Deploying web application directory [/home/cavisson/Development/Udemy/apache-tomcat-9.0.78/webapps/host-manager]
25-Jul-2023 11:32:21.147 INFO [main] org.apache.catalina.startup.HostConfig.deployDirectory Deployment of web application directory [/home/cavisson/Development/Udemy/apache-tomcat-9.0.78/webapps/host-manager] has finished in [19] ms
25-Jul-2023 11:32:21.152 INFO [main] org.apache.catalina.startup.HostConfig.deployDirectory Deploying web application directory [/home/cavisson/Development/Udemy/apache-tomcat-9.0.78/webapps/examples]
25-Jul-2023 11:32:21.538 INFO [main] org.apache.catalina.startup.HostConfig.deployDirectory Deployment of web application directory [/home/cavisson/Development/Udemy/apache-tomcat-9.0.78/webapps/examples] has finished in [385] ms
25-Jul-2023 11:32:21.550 INFO [main] org.apache.coyote.AbstractProtocol.start Starting ProtocolHandler ["http-nio-8080"]
25-Jul-2023 11:32:21.571 INFO [main] org.apache.catalina.startup.Catalina.start Server startup in [5905] milliseconds
25-Jul-2023 11:34:51.647 INFO [Catalina-utility-2] org.apache.catalina.users.MemoryUserDatabase.backgroundProcess Reloading memory user database [UserDatabase] from updated source [file:/home/cavisson/Development/Udemy/apache-tomcat-9.0.78/conf/tomcat-users.xml]
25-Jul-2023 11:35:21.664 INFO [Catalina-utility-2] org.apache.catalina.users.MemoryUserDatabase.backgroundProcess Reloading memory user database [UserDatabase] from updated source [file:/home/cavisson/Development/Udemy/apache-tomcat-9.0.78/conf/tomcat-users.xml]
25-Jul-2023 11:35:28.877 INFO [main] org.apache.catalina.core.StandardServer.await A valid shutdown command was received via the shutdown port. Stopping the Server instance.
25-Jul-2023 11:35:28.877 INFO [main] org.apache.coyote.AbstractProtocol.pause Pausing ProtocolHandler ["http-nio-8080"]
25-Jul-2023 11:35:28.879 INFO [main] org.apache.catalina.core.StandardService.stopInternal Stopping service [Catalina]
25-Jul-2023 11:35:28.883 WARNING [main] org.apache.catalina.loader.WebappClassLoaderBase.clearReferencesThreads The web application [ROOT] appears to have started a thread named [SeedGenerator Thread] but has failed to stop it. This is very likely to create a memory leak. Stack trace of thread:
 java.lang.Object.wait(Native Method)
 java.lang.Object.wait(Object.java:502)
 sun.security.provider.SeedGenerator$ThreadedSeedGenerator.run(SeedGenerator.java:334)
 java.lang.Thread.run(Thread.java:750)
25-Jul-2023 11:35:28.896 INFO [main] org.apache.coyote.AbstractProtocol.stop Stopping ProtocolHandler ["http-nio-8080"]
25-Jul-2023 11:35:28.905 INFO [main] org.apache.coyote.AbstractProtocol.destroy Destroying ProtocolHandler ["http-nio-8080"]
25-Jul-2023 11:35:30.747 INFO [main] org.apache.catalina.startup.VersionLoggerListener.log Server version name:   Apache Tomcat/9.0.78
25-Jul-2023 11:35:30.749 INFO [main] org.apache.catalina.startup.VersionLoggerListener.log Server built:          Jul 4 2023 13:15:43 UTC
25-Jul-2023 11:35:30.749 INFO [main] org.apache.catalina.startup.VersionLoggerListener.log Server version number: 9.0.78.0
25-Jul-2023 11:35:30.749 INFO [main] org.apache.catalina.startup.VersionLoggerListener.log OS Name:               Linux
25-Jul-2023 11:35:30.749 INFO [main] org.apache.catalina.startup.VersionLoggerListener.log OS Version:            5.15.0-76-generic
25-Jul-2023 11:35:30.750 INFO [main] org.apache.catalina.startup.VersionLoggerListener.log Architecture:          amd64
25-Jul-2023 11:35:30.750 INFO [main] org.apache.catalina.startup.VersionLoggerListener.log Java Home:             /usr/lib/jvm/jdk1.8.0_161/jre
25-Jul-2023 11:35:30.750 INFO [main] org.apache.catalina.startup.VersionLoggerListener.log JVM Version:           1.8.0_372-b07
25-Jul-2023 11:35:30.750 INFO [main] org.apache.catalina.startup.VersionLoggerListener.log JVM Vendor:            Amazon.com Inc.
25-Jul-2023 11:35:30.750 INFO [main] org.apache.catalina.startup.VersionLoggerListener.log CATALINA_BASE:         /home/cavisson/Development/Udemy/apache-tomcat-9.0.78
25-Jul-2023 11:35:30.750 INFO [main] org.apache.catalina.startup.VersionLoggerListener.log CATALINA_HOME:         /home/cavisson/Development/Udemy/apache-tomcat-9.0.78
25-Jul-2023 11:35:30.750 INFO [main] org.apache.catalina.startup.VersionLoggerListener.log Command line argument: -Djava.util.logging.config.file=/home/cavisson/Development/Udemy/apache-tomcat-9.0.78/conf/logging.properties
25-Jul-2023 11:35:30.751 INFO [main] org.apache.catalina.startup.VersionLoggerListener.log Command line argument: -Djava.util.logging.manager=org.apache.juli.ClassLoaderLogManager
25-Jul-2023 11:35:30.751 INFO [main] org.apache.catalina.startup.VersionLoggerListener.log Command line argument: -XX:+AggressiveOpts
25-Jul-2023 11:35:30.751 INFO [main] org.apache.catalina.startup.VersionLoggerListener.log Command line argument: -Xms256m
25-Jul-2023 11:35:30.751 INFO [main] org.apache.catalina.startup.VersionLoggerListener.log Command line argument: -Xmx512m
25-Jul-2023 11:35:30.751 INFO [main] org.apache.catalina.startup.VersionLoggerListener.log Command line argument: -XX:MaxPermSize=256m
25-Jul-2023 11:35:30.751 INFO [main] org.apache.catalina.startup.VersionLoggerListener.log Command line argument: -XX:+DisableExplicitGC
25-Jul-2023 11:35:30.751 INFO [main] org.apache.catalina.startup.VersionLoggerListener.log Command line argument: -Djdk.tls.ephemeralDHKeySize=2048
25-Jul-2023 11:35:30.751 INFO [main] org.apache.catalina.startup.VersionLoggerListener.log Command line argument: -Djava.protocol.handler.pkgs=org.apache.catalina.webresources
25-Jul-2023 11:35:30.751 INFO [main] org.apache.catalina.startup.VersionLoggerListener.log Command line argument: -Dorg.apache.catalina.security.SecurityListener.UMASK=0027
25-Jul-2023 11:35:30.751 INFO [main] org.apache.catalina.startup.VersionLoggerListener.log Command line argument: -Dignore.endorsed.dirs=
25-Jul-2023 11:35:30.751 INFO [main] org.apache.catalina.startup.VersionLoggerListener.log Command line argument: -Dcatalina.base=/home/cavisson/Development/Udemy/apache-tomcat-9.0.78
25-Jul-2023 11:35:30.752 INFO [main] org.apache.catalina.startup.VersionLoggerListener.log Command line argument: -Dcatalina.home=/home/cavisson/Development/Udemy/apache-tomcat-9.0.78
25-Jul-2023 11:35:30.752 INFO [main] org.apache.catalina.startup.VersionLoggerListener.log Command line argument: -Djava.io.tmpdir=/home/cavisson/Development/Udemy/apache-tomcat-9.0.78/temp
25-Jul-2023 11:35:30.753 INFO [main] org.apache.catalina.core.AprLifecycleListener.lifecycleEvent The Apache Tomcat Native library which allows using OpenSSL was not found on the java.library.path: [/u01/app/oracle/product/11.2.0/xe/lib::/usr/java/packages/lib/amd64:/usr/lib64:/lib64:/lib:/usr/lib]
25-Jul-2023 11:35:31.023 INFO [main] org.apache.coyote.AbstractProtocol.init Initializing ProtocolHandler ["http-nio-8080"]
25-Jul-2023 11:35:31.044 INFO [main] org.apache.catalina.startup.Catalina.load Server initialization in [442] milliseconds
25-Jul-2023 11:35:31.078 INFO [main] org.apache.catalina.core.StandardService.startInternal Starting service [Catalina]
25-Jul-2023 11:35:31.079 INFO [main] org.apache.catalina.core.StandardEngine.startInternal Starting Servlet engine: [Apache Tomcat/9.0.78]
25-Jul-2023 11:35:31.087 INFO [main] org.apache.catalina.startup.HostConfig.deployDirectory Deploying web application directory [/home/cavisson/Development/Udemy/apache-tomcat-9.0.78/webapps/ROOT]
25-Jul-2023 11:35:36.293 WARNING [main] org.apache.catalina.util.SessionIdGeneratorBase.createSecureRandom Creation of SecureRandom instance for session ID generation using [SHA1PRNG] took [5,004] milliseconds.
25-Jul-2023 11:35:36.317 INFO [main] org.apache.catalina.startup.HostConfig.deployDirectory Deployment of web application directory [/home/cavisson/Development/Udemy/apache-tomcat-9.0.78/webapps/ROOT] has finished in [5,230] ms
25-Jul-2023 11:35:36.317 INFO [main] org.apache.catalina.startup.HostConfig.deployDirectory Deploying web application directory [/home/cavisson/Development/Udemy/apache-tomcat-9.0.78/webapps/docs]
25-Jul-2023 11:35:36.349 INFO [main] org.apache.catalina.startup.HostConfig.deployDirectory Deployment of web application directory [/home/cavisson/Development/Udemy/apache-tomcat-9.0.78/webapps/docs] has finished in [32] ms
25-Jul-2023 11:35:36.350 INFO [main] org.apache.catalina.startup.HostConfig.deployDirectory Deploying web application directory [/home/cavisson/Development/Udemy/apache-tomcat-9.0.78/webapps/manager]
25-Jul-2023 11:35:36.385 INFO [main] org.apache.catalina.startup.HostConfig.deployDirectory Deployment of web application directory [/home/cavisson/Development/Udemy/apache-tomcat-9.0.78/webapps/manager] has finished in [35] ms
25-Jul-2023 11:35:36.385 INFO [main] org.apache.catalina.startup.HostConfig.deployDirectory Deploying web application directory [/home/cavisson/Development/Udemy/apache-tomcat-9.0.78/webapps/host-manager]
25-Jul-2023 11:35:36.419 INFO [main] org.apache.catalina.startup.HostConfig.deployDirectory Deployment of web application directory [/home/cavisson/Development/Udemy/apache-tomcat-9.0.78/webapps/host-manager] has finished in [34] ms
25-Jul-2023 11:35:36.420 INFO [main] org.apache.catalina.startup.HostConfig.deployDirectory Deploying web application directory [/home/cavisson/Development/Udemy/apache-tomcat-9.0.78/webapps/examples]
25-Jul-2023 11:35:36.715 INFO [main] org.apache.catalina.startup.HostConfig.deployDirectory Deployment of web application directory [/home/cavisson/Development/Udemy/apache-tomcat-9.0.78/webapps/examples] has finished in [295] ms
25-Jul-2023 11:35:36.718 INFO [main] org.apache.coyote.AbstractProtocol.start Starting ProtocolHandler ["http-nio-8080"]
25-Jul-2023 11:35:36.731 INFO [main] org.apache.catalina.startup.Catalina.start Server startup in [5686] milliseconds
25-Jul-2023 11:36:46.775 INFO [Catalina-utility-2] org.apache.catalina.users.MemoryUserDatabase.backgroundProcess Reloading memory user database [UserDatabase] from updated source [file:/home/cavisson/Development/Udemy/apache-tomcat-9.0.78/conf/tomcat-users.xml]
25-Jul-2023 11:37:06.792 INFO [Catalina-utility-2] org.apache.catalina.users.MemoryUserDatabase.backgroundProcess Reloading memory user database [UserDatabase] from updated source [file:/home/cavisson/Development/Udemy/apache-tomcat-9.0.78/conf/tomcat-users.xml]
25-Jul-2023 11:37:08.630 INFO [main] org.apache.catalina.startup.VersionLoggerListener.log Server version name:   Apache Tomcat/9.0.78
25-Jul-2023 11:37:08.632 INFO [main] org.apache.catalina.startup.VersionLoggerListener.log Server built:          Jul 4 2023 13:15:43 UTC
25-Jul-2023 11:37:08.632 INFO [main] org.apache.catalina.startup.VersionLoggerListener.log Server version number: 9.0.78.0
25-Jul-2023 11:37:08.632 INFO [main] org.apache.catalina.startup.VersionLoggerListener.log OS Name:               Linux
25-Jul-2023 11:37:08.632 INFO [main] org.apache.catalina.startup.VersionLoggerListener.log OS Version:            5.15.0-76-generic
25-Jul-2023 11:37:08.632 INFO [main] org.apache.catalina.startup.VersionLoggerListener.log Architecture:          amd64
25-Jul-2023 11:37:08.632 INFO [main] org.apache.catalina.startup.VersionLoggerListener.log Java Home:             /usr/lib/jvm/jdk1.8.0_161/jre
25-Jul-2023 11:37:08.632 INFO [main] org.apache.catalina.startup.VersionLoggerListener.log JVM Version:           1.8.0_372-b07
25-Jul-2023 11:37:08.632 INFO [main] org.apache.catalina.startup.VersionLoggerListener.log JVM Vendor:            Amazon.com Inc.
25-Jul-2023 11:37:08.632 INFO [main] org.apache.catalina.startup.VersionLoggerListener.log CATALINA_BASE:         /home/cavisson/Development/Udemy/apache-tomcat-9.0.78
25-Jul-2023 11:37:08.632 INFO [main] org.apache.catalina.startup.VersionLoggerListener.log CATALINA_HOME:         /home/cavisson/Development/Udemy/apache-tomcat-9.0.78
25-Jul-2023 11:37:08.633 INFO [main] org.apache.catalina.startup.VersionLoggerListener.log Command line argument: -Djava.util.logging.config.file=/home/cavisson/Development/Udemy/apache-tomcat-9.0.78/conf/logging.properties
25-Jul-2023 11:37:08.633 INFO [main] org.apache.catalina.startup.VersionLoggerListener.log Command line argument: -Djava.util.logging.manager=org.apache.juli.ClassLoaderLogManager
25-Jul-2023 11:37:08.633 INFO [main] org.apache.catalina.startup.VersionLoggerListener.log Command line argument: -XX:+AggressiveOpts
25-Jul-2023 11:37:08.633 INFO [main] org.apache.catalina.startup.VersionLoggerListener.log Command line argument: -Xms256m
25-Jul-2023 11:37:08.633 INFO [main] org.apache.catalina.startup.VersionLoggerListener.log Command line argument: -Xmx512m
25-Jul-2023 11:37:08.633 INFO [main] org.apache.catalina.startup.VersionLoggerListener.log Command line argument: -XX:MaxPermSize=256m
25-Jul-2023 11:37:08.634 INFO [main] org.apache.catalina.startup.VersionLoggerListener.log Command line argument: -XX:+DisableExplicitGC
25-Jul-2023 11:37:08.634 INFO [main] org.apache.catalina.startup.VersionLoggerListener.log Command line argument: -Djdk.tls.ephemeralDHKeySize=2048
25-Jul-2023 11:37:08.634 INFO [main] org.apache.catalina.startup.VersionLoggerListener.log Command line argument: -Djava.protocol.handler.pkgs=org.apache.catalina.webresources
25-Jul-2023 11:37:08.634 INFO [main] org.apache.catalina.startup.VersionLoggerListener.log Command line argument: -Dorg.apache.catalina.security.SecurityListener.UMASK=0027
25-Jul-2023 11:37:08.634 INFO [main] org.apache.catalina.startup.VersionLoggerListener.log Command line argument: -Dignore.endorsed.dirs=
25-Jul-2023 11:37:08.634 INFO [main] org.apache.catalina.startup.VersionLoggerListener.log Command line argument: -Dcatalina.base=/home/cavisson/Development/Udemy/apache-tomcat-9.0.78
25-Jul-2023 11:37:08.634 INFO [main] org.apache.catalina.startup.VersionLoggerListener.log Command line argument: -Dcatalina.home=/home/cavisson/Development/Udemy/apache-tomcat-9.0.78
25-Jul-2023 11:37:08.634 INFO [main] org.apache.catalina.startup.VersionLoggerListener.log Command line argument: -Djava.io.tmpdir=/home/cavisson/Development/Udemy/apache-tomcat-9.0.78/temp
25-Jul-2023 11:37:08.636 INFO [main] org.apache.catalina.core.AprLifecycleListener.lifecycleEvent The Apache Tomcat Native library which allows using OpenSSL was not found on the java.library.path: [/u01/app/oracle/product/11.2.0/xe/lib::/usr/java/packages/lib/amd64:/usr/lib64:/lib64:/lib:/usr/lib]
25-Jul-2023 11:37:08.916 INFO [main] org.apache.coyote.AbstractProtocol.init Initializing ProtocolHandler ["http-nio-8080"]
25-Jul-2023 11:37:08.926 SEVERE [main] org.apache.catalina.util.LifecycleBase.handleSubClassException Failed to initialize component [Connector[HTTP/1.1-8080]]
	org.apache.catalina.LifecycleException: Protocol handler initialization failed
		at org.apache.catalina.connector.Connector.initInternal(Connector.java:1011)
		at org.apache.catalina.util.LifecycleBase.init(LifecycleBase.java:136)
		at org.apache.catalina.core.StandardService.initInternal(StandardService.java:549)
		at org.apache.catalina.util.LifecycleBase.init(LifecycleBase.java:136)
		at org.apache.catalina.core.StandardServer.initInternal(StandardServer.java:1040)
		at org.apache.catalina.util.LifecycleBase.init(LifecycleBase.java:136)
		at org.apache.catalina.startup.Catalina.load(Catalina.java:724)
		at org.apache.catalina.startup.Catalina.load(Catalina.java:746)
		at sun.reflect.NativeMethodAccessorImpl.invoke0(Native Method)
		at sun.reflect.NativeMethodAccessorImpl.invoke(NativeMethodAccessorImpl.java:62)
		at sun.reflect.DelegatingMethodAccessorImpl.invoke(DelegatingMethodAccessorImpl.java:43)
		at java.lang.reflect.Method.invoke(Method.java:498)
		at org.apache.catalina.startup.Bootstrap.load(Bootstrap.java:307)
		at org.apache.catalina.startup.Bootstrap.main(Bootstrap.java:477)
	Caused by: java.net.BindException: Address already in use
		at sun.nio.ch.Net.bind0(Native Method)
		at sun.nio.ch.Net.bind(Net.java:461)
		at sun.nio.ch.Net.bind(Net.java:453)
		at sun.nio.ch.ServerSocketChannelImpl.bind(ServerSocketChannelImpl.java:222)
		at org.apache.tomcat.util.net.NioEndpoint.initServerSocket(NioEndpoint.java:276)
		at org.apache.tomcat.util.net.NioEndpoint.bind(NioEndpoint.java:231)
		at org.apache.tomcat.util.net.AbstractEndpoint.bindWithCleanup(AbstractEndpoint.java:1324)
		at org.apache.tomcat.util.net.AbstractEndpoint.init(AbstractEndpoint.java:1337)
		at org.apache.coyote.AbstractProtocol.init(AbstractProtocol.java:652)
		at org.apache.coyote.http11.AbstractHttp11Protocol.init(AbstractHttp11Protocol.java:75)
		at org.apache.catalina.connector.Connector.initInternal(Connector.java:1009)
		... 13 more
25-Jul-2023 11:37:08.927 INFO [main] org.apache.catalina.startup.Catalina.load Server initialization in [437] milliseconds
25-Jul-2023 11:37:08.959 INFO [main] org.apache.catalina.core.StandardService.startInternal Starting service [Catalina]
25-Jul-2023 11:37:08.960 INFO [main] org.apache.catalina.core.StandardEngine.startInternal Starting Servlet engine: [Apache Tomcat/9.0.78]
25-Jul-2023 11:37:08.968 INFO [main] org.apache.catalina.startup.HostConfig.deployDirectory Deploying web application directory [/home/cavisson/Development/Udemy/apache-tomcat-9.0.78/webapps/ROOT]
25-Jul-2023 11:37:09.642 INFO [main] org.apache.catalina.core.StandardServer.await A valid shutdown command was received via the shutdown port. Stopping the Server instance.
25-Jul-2023 11:37:09.642 INFO [main] org.apache.coyote.AbstractProtocol.pause Pausing ProtocolHandler ["http-nio-8080"]
25-Jul-2023 11:37:09.645 INFO [main] org.apache.catalina.core.StandardService.stopInternal Stopping service [Catalina]
25-Jul-2023 11:37:09.652 WARNING [main] org.apache.catalina.loader.WebappClassLoaderBase.clearReferencesThreads The web application [ROOT] appears to have started a thread named [SeedGenerator Thread] but has failed to stop it. This is very likely to create a memory leak. Stack trace of thread:
 java.lang.Object.wait(Native Method)
 java.lang.Object.wait(Object.java:502)
 sun.security.provider.SeedGenerator$ThreadedSeedGenerator.run(SeedGenerator.java:334)
 java.lang.Thread.run(Thread.java:750)
25-Jul-2023 11:37:09.688 INFO [main] org.apache.coyote.AbstractProtocol.stop Stopping ProtocolHandler ["http-nio-8080"]
25-Jul-2023 11:37:09.700 INFO [main] org.apache.coyote.AbstractProtocol.destroy Destroying ProtocolHandler ["http-nio-8080"]
25-Jul-2023 11:37:12.160 INFO [main] org.apache.catalina.startup.VersionLoggerListener.log Server version name:   Apache Tomcat/9.0.78
25-Jul-2023 11:37:12.163 INFO [main] org.apache.catalina.startup.VersionLoggerListener.log Server built:          Jul 4 2023 13:15:43 UTC
25-Jul-2023 11:37:12.163 INFO [main] org.apache.catalina.startup.VersionLoggerListener.log Server version number: 9.0.78.0
25-Jul-2023 11:37:12.163 INFO [main] org.apache.catalina.startup.VersionLoggerListener.log OS Name:               Linux
25-Jul-2023 11:37:12.163 INFO [main] org.apache.catalina.startup.VersionLoggerListener.log OS Version:            5.15.0-76-generic
25-Jul-2023 11:37:12.163 INFO [main] org.apache.catalina.startup.VersionLoggerListener.log Architecture:          amd64
25-Jul-2023 11:37:12.163 INFO [main] org.apache.catalina.startup.VersionLoggerListener.log Java Home:             /usr/lib/jvm/jdk1.8.0_161/jre
25-Jul-2023 11:37:12.164 INFO [main] org.apache.catalina.startup.VersionLoggerListener.log JVM Version:           1.8.0_372-b07
25-Jul-2023 11:37:12.164 INFO [main] org.apache.catalina.startup.VersionLoggerListener.log JVM Vendor:            Amazon.com Inc.
25-Jul-2023 11:37:12.164 INFO [main] org.apache.catalina.startup.VersionLoggerListener.log CATALINA_BASE:         /home/cavisson/Development/Udemy/apache-tomcat-9.0.78
25-Jul-2023 11:37:12.164 INFO [main] org.apache.catalina.startup.VersionLoggerListener.log CATALINA_HOME:         /home/cavisson/Development/Udemy/apache-tomcat-9.0.78
25-Jul-2023 11:37:12.166 INFO [main] org.apache.catalina.startup.VersionLoggerListener.log Command line argument: -Djava.util.logging.config.file=/home/cavisson/Development/Udemy/apache-tomcat-9.0.78/conf/logging.properties
25-Jul-2023 11:37:12.166 INFO [main] org.apache.catalina.startup.VersionLoggerListener.log Command line argument: -Djava.util.logging.manager=org.apache.juli.ClassLoaderLogManager
25-Jul-2023 11:37:12.166 INFO [main] org.apache.catalina.startup.VersionLoggerListener.log Command line argument: -XX:+AggressiveOpts
25-Jul-2023 11:37:12.166 INFO [main] org.apache.catalina.startup.VersionLoggerListener.log Command line argument: -Xms256m
25-Jul-2023 11:37:12.166 INFO [main] org.apache.catalina.startup.VersionLoggerListener.log Command line argument: -Xmx512m
25-Jul-2023 11:37:12.166 INFO [main] org.apache.catalina.startup.VersionLoggerListener.log Command line argument: -XX:MaxPermSize=256m
25-Jul-2023 11:37:12.167 INFO [main] org.apache.catalina.startup.VersionLoggerListener.log Command line argument: -XX:+DisableExplicitGC
25-Jul-2023 11:37:12.167 INFO [main] org.apache.catalina.startup.VersionLoggerListener.log Command line argument: -Djdk.tls.ephemeralDHKeySize=2048
25-Jul-2023 11:37:12.167 INFO [main] org.apache.catalina.startup.VersionLoggerListener.log Command line argument: -Djava.protocol.handler.pkgs=org.apache.catalina.webresources
25-Jul-2023 11:37:12.167 INFO [main] org.apache.catalina.startup.VersionLoggerListener.log Command line argument: -Dorg.apache.catalina.security.SecurityListener.UMASK=0027
25-Jul-2023 11:37:12.167 INFO [main] org.apache.catalina.startup.VersionLoggerListener.log Command line argument: -Dignore.endorsed.dirs=
25-Jul-2023 11:37:12.167 INFO [main] org.apache.catalina.startup.VersionLoggerListener.log Command line argument: -Dcatalina.base=/home/cavisson/Development/Udemy/apache-tomcat-9.0.78
25-Jul-2023 11:37:12.167 INFO [main] org.apache.catalina.startup.VersionLoggerListener.log Command line argument: -Dcatalina.home=/home/cavisson/Development/Udemy/apache-tomcat-9.0.78
25-Jul-2023 11:37:12.167 INFO [main] org.apache.catalina.startup.VersionLoggerListener.log Command line argument: -Djava.io.tmpdir=/home/cavisson/Development/Udemy/apache-tomcat-9.0.78/temp
25-Jul-2023 11:37:12.170 INFO [main] org.apache.catalina.core.AprLifecycleListener.lifecycleEvent The Apache Tomcat Native library which allows using OpenSSL was not found on the java.library.path: [/u01/app/oracle/product/11.2.0/xe/lib::/usr/java/packages/lib/amd64:/usr/lib64:/lib64:/lib:/usr/lib]
25-Jul-2023 11:37:12.514 INFO [main] org.apache.coyote.AbstractProtocol.init Initializing ProtocolHandler ["http-nio-8080"]
25-Jul-2023 11:37:12.548 INFO [main] org.apache.catalina.startup.Catalina.load Server initialization in [572] milliseconds
25-Jul-2023 11:37:12.599 INFO [main] org.apache.catalina.core.StandardService.startInternal Starting service [Catalina]
25-Jul-2023 11:37:12.599 INFO [main] org.apache.catalina.core.StandardEngine.startInternal Starting Servlet engine: [Apache Tomcat/9.0.78]
25-Jul-2023 11:37:12.609 INFO [main] org.apache.catalina.startup.HostConfig.deployDirectory Deploying web application directory [/home/cavisson/Development/Udemy/apache-tomcat-9.0.78/webapps/ROOT]
25-Jul-2023 11:37:14.179 WARNING [main] org.apache.catalina.util.SessionIdGeneratorBase.createSecureRandom Creation of SecureRandom instance for session ID generation using [SHA1PRNG] took [5,015] milliseconds.
25-Jul-2023 11:37:14.215 INFO [main] org.apache.catalina.startup.HostConfig.deployDirectory Deployment of web application directory [/home/cavisson/Development/Udemy/apache-tomcat-9.0.78/webapps/ROOT] has finished in [5,247] ms
25-Jul-2023 11:37:14.216 INFO [main] org.apache.catalina.startup.HostConfig.deployDirectory Deploying web application directory [/home/cavisson/Development/Udemy/apache-tomcat-9.0.78/webapps/docs]
25-Jul-2023 11:37:14.260 INFO [main] org.apache.catalina.startup.HostConfig.deployDirectory Deployment of web application directory [/home/cavisson/Development/Udemy/apache-tomcat-9.0.78/webapps/docs] has finished in [44] ms
25-Jul-2023 11:37:14.260 INFO [main] org.apache.catalina.startup.HostConfig.deployDirectory Deploying web application directory [/home/cavisson/Development/Udemy/apache-tomcat-9.0.78/webapps/manager]
25-Jul-2023 11:37:14.323 INFO [main] org.apache.catalina.startup.HostConfig.deployDirectory Deployment of web application directory [/home/cavisson/Development/Udemy/apache-tomcat-9.0.78/webapps/manager] has finished in [63] ms
25-Jul-2023 11:37:14.324 INFO [main] org.apache.catalina.startup.HostConfig.deployDirectory Deploying web application directory [/home/cavisson/Development/Udemy/apache-tomcat-9.0.78/webapps/host-manager]
25-Jul-2023 11:37:14.354 INFO [main] org.apache.catalina.startup.HostConfig.deployDirectory Deployment of web application directory [/home/cavisson/Development/Udemy/apache-tomcat-9.0.78/webapps/host-manager] has finished in [31] ms
25-Jul-2023 11:37:14.354 INFO [main] org.apache.catalina.startup.HostConfig.deployDirectory Deploying web application directory [/home/cavisson/Development/Udemy/apache-tomcat-9.0.78/webapps/examples]
25-Jul-2023 11:37:14.782 INFO [main] org.apache.catalina.startup.HostConfig.deployDirectory Deployment of web application directory [/home/cavisson/Development/Udemy/apache-tomcat-9.0.78/webapps/examples] has finished in [427] ms
25-Jul-2023 11:37:14.796 INFO [main] org.apache.catalina.startup.Catalina.start Server startup in [5868] milliseconds
25-Jul-2023 11:37:18.031 WARNING [main] org.apache.catalina.util.SessionIdGeneratorBase.createSecureRandom Creation of SecureRandom instance for session ID generation using [SHA1PRNG] took [5,027] milliseconds.
25-Jul-2023 11:37:18.078 INFO [main] org.apache.catalina.startup.HostConfig.deployDirectory Deployment of web application directory [/home/cavisson/Development/Udemy/apache-tomcat-9.0.78/webapps/ROOT] has finished in [5,468] ms
25-Jul-2023 11:37:18.078 INFO [main] org.apache.catalina.startup.HostConfig.deployDirectory Deploying web application directory [/home/cavisson/Development/Udemy/apache-tomcat-9.0.78/webapps/docs]
25-Jul-2023 11:37:18.131 INFO [main] org.apache.catalina.startup.HostConfig.deployDirectory Deployment of web application directory [/home/cavisson/Development/Udemy/apache-tomcat-9.0.78/webapps/docs] has finished in [53] ms
25-Jul-2023 11:37:18.131 INFO [main] org.apache.catalina.startup.HostConfig.deployDirectory Deploying web application directory [/home/cavisson/Development/Udemy/apache-tomcat-9.0.78/webapps/manager]
25-Jul-2023 11:37:18.194 INFO [main] org.apache.catalina.startup.HostConfig.deployDirectory Deployment of web application directory [/home/cavisson/Development/Udemy/apache-tomcat-9.0.78/webapps/manager] has finished in [63] ms
25-Jul-2023 11:37:18.195 INFO [main] org.apache.catalina.startup.HostConfig.deployDirectory Deploying web application directory [/home/cavisson/Development/Udemy/apache-tomcat-9.0.78/webapps/host-manager]
25-Jul-2023 11:37:18.221 INFO [main] org.apache.catalina.startup.HostConfig.deployDirectory Deployment of web application directory [/home/cavisson/Development/Udemy/apache-tomcat-9.0.78/webapps/host-manager] has finished in [26] ms
25-Jul-2023 11:37:18.221 INFO [main] org.apache.catalina.startup.HostConfig.deployDirectory Deploying web application directory [/home/cavisson/Development/Udemy/apache-tomcat-9.0.78/webapps/examples]
25-Jul-2023 11:37:18.561 INFO [main] org.apache.catalina.startup.HostConfig.deployDirectory Deployment of web application directory [/home/cavisson/Development/Udemy/apache-tomcat-9.0.78/webapps/examples] has finished in [339] ms
25-Jul-2023 11:37:18.564 INFO [main] org.apache.coyote.AbstractProtocol.start Starting ProtocolHandler ["http-nio-8080"]
25-Jul-2023 11:37:18.642 INFO [main] org.apache.catalina.startup.Catalina.start Server startup in [6093] milliseconds
25-Jul-2023 11:37:18.645 SEVERE [main] org.apache.catalina.core.StandardServer.await Failed to create server shutdown socket on address [localhost] and port [8005] (base port [8005] and offset [0])
	java.net.BindException: Address already in use (Bind failed)
		at java.net.PlainSocketImpl.socketBind(Native Method)
		at java.net.AbstractPlainSocketImpl.bind(AbstractPlainSocketImpl.java:387)
		at java.net.ServerSocket.bind(ServerSocket.java:390)
		at java.net.ServerSocket.<init>(ServerSocket.java:252)
		at org.apache.catalina.core.StandardServer.await(StandardServer.java:582)
		at org.apache.catalina.startup.Catalina.await(Catalina.java:864)
		at org.apache.catalina.startup.Catalina.start(Catalina.java:810)
		at sun.reflect.NativeMethodAccessorImpl.invoke0(Native Method)
		at sun.reflect.NativeMethodAccessorImpl.invoke(NativeMethodAccessorImpl.java:62)
		at sun.reflect.DelegatingMethodAccessorImpl.invoke(DelegatingMethodAccessorImpl.java:43)
		at java.lang.reflect.Method.invoke(Method.java:498)
		at org.apache.catalina.startup.Bootstrap.start(Bootstrap.java:347)
		at org.apache.catalina.startup.Bootstrap.main(Bootstrap.java:478)
25-Jul-2023 11:37:18.652 INFO [main] org.apache.coyote.AbstractProtocol.pause Pausing ProtocolHandler ["http-nio-8080"]
25-Jul-2023 11:37:18.682 INFO [main] org.apache.catalina.core.StandardService.stopInternal Stopping service [Catalina]
25-Jul-2023 11:37:18.710 WARNING [main] org.apache.catalina.loader.WebappClassLoaderBase.clearReferencesThreads The web application [ROOT] appears to have started a thread named [SeedGenerator Thread] but has failed to stop it. This is very likely to create a memory leak. Stack trace of thread:
 sun.security.provider.SeedGenerator$ThreadedSeedGenerator.run(SeedGenerator.java:362)
 java.lang.Thread.run(Thread.java:750)
25-Jul-2023 11:37:18.711 WARNING [main] org.apache.catalina.loader.WebappClassLoaderBase.clearReferencesThreads The web application [ROOT] appears to have started a thread named [SeedGenerator Thread] but has failed to stop it. This is very likely to create a memory leak. Stack trace of thread:
 java.lang.Thread.sleep(Native Method)
 sun.security.provider.SeedGenerator$ThreadedSeedGenerator$BogusThread.run(SeedGenerator.java:475)
 java.lang.Thread.run(Thread.java:750)
25-Jul-2023 11:37:18.753 INFO [main] org.apache.coyote.AbstractProtocol.stop Stopping ProtocolHandler ["http-nio-8080"]
25-Jul-2023 11:37:18.779 INFO [main] org.apache.coyote.AbstractProtocol.destroy Destroying ProtocolHandler ["http-nio-8080"]
25-Jul-2023 11:37:44.549 INFO [main] org.apache.catalina.core.StandardServer.await A valid shutdown command was received via the shutdown port. Stopping the Server instance.
25-Jul-2023 11:37:44.549 INFO [main] org.apache.coyote.AbstractProtocol.pause Pausing ProtocolHandler ["http-nio-8080"]
25-Jul-2023 11:37:44.549 INFO [main] org.apache.catalina.core.StandardService.stopInternal Stopping service [Catalina]
25-Jul-2023 11:37:44.556 WARNING [main] org.apache.catalina.loader.WebappClassLoaderBase.clearReferencesThreads The web application [ROOT] appears to have started a thread named [SeedGenerator Thread] but has failed to stop it. This is very likely to create a memory leak. Stack trace of thread:
 java.lang.Object.wait(Native Method)
 java.lang.Object.wait(Object.java:502)
 sun.security.provider.SeedGenerator$ThreadedSeedGenerator.run(SeedGenerator.java:334)
 java.lang.Thread.run(Thread.java:750)
25-Jul-2023 11:38:16.469 INFO [main] org.apache.catalina.startup.VersionLoggerListener.log Server version name:   Apache Tomcat/9.0.78
25-Jul-2023 11:38:16.470 INFO [main] org.apache.catalina.startup.VersionLoggerListener.log Server built:          Jul 4 2023 13:15:43 UTC
25-Jul-2023 11:38:16.471 INFO [main] org.apache.catalina.startup.VersionLoggerListener.log Server version number: 9.0.78.0
25-Jul-2023 11:38:16.471 INFO [main] org.apache.catalina.startup.VersionLoggerListener.log OS Name:               Linux
25-Jul-2023 11:38:16.471 INFO [main] org.apache.catalina.startup.VersionLoggerListener.log OS Version:            5.15.0-76-generic
25-Jul-2023 11:38:16.471 INFO [main] org.apache.catalina.startup.VersionLoggerListener.log Architecture:          amd64
25-Jul-2023 11:38:16.471 INFO [main] org.apache.catalina.startup.VersionLoggerListener.log Java Home:             /usr/lib/jvm/jdk1.8.0_161/jre
25-Jul-2023 11:38:16.471 INFO [main] org.apache.catalina.startup.VersionLoggerListener.log JVM Version:           1.8.0_372-b07
25-Jul-2023 11:38:16.471 INFO [main] org.apache.catalina.startup.VersionLoggerListener.log JVM Vendor:            Amazon.com Inc.
25-Jul-2023 11:38:16.471 INFO [main] org.apache.catalina.startup.VersionLoggerListener.log CATALINA_BASE:         /home/cavisson/Development/Udemy/apache-tomcat-9.0.78
25-Jul-2023 11:38:16.471 INFO [main] org.apache.catalina.startup.VersionLoggerListener.log CATALINA_HOME:         /home/cavisson/Development/Udemy/apache-tomcat-9.0.78
25-Jul-2023 11:38:16.472 INFO [main] org.apache.catalina.startup.VersionLoggerListener.log Command line argument: -Djava.util.logging.config.file=/home/cavisson/Development/Udemy/apache-tomcat-9.0.78/conf/logging.properties
25-Jul-2023 11:38:16.472 INFO [main] org.apache.catalina.startup.VersionLoggerListener.log Command line argument: -Djava.util.logging.manager=org.apache.juli.ClassLoaderLogManager
25-Jul-2023 11:38:16.472 INFO [main] org.apache.catalina.startup.VersionLoggerListener.log Command line argument: -XX:+AggressiveOpts
25-Jul-2023 11:38:16.472 INFO [main] org.apache.catalina.startup.VersionLoggerListener.log Command line argument: -Xms256m
25-Jul-2023 11:38:16.472 INFO [main] org.apache.catalina.startup.VersionLoggerListener.log Command line argument: -Xmx512m
25-Jul-2023 11:38:16.472 INFO [main] org.apache.catalina.startup.VersionLoggerListener.log Command line argument: -XX:MaxPermSize=256m
25-Jul-2023 11:38:16.472 INFO [main] org.apache.catalina.startup.VersionLoggerListener.log Command line argument: -XX:+DisableExplicitGC
25-Jul-2023 11:38:16.472 INFO [main] org.apache.catalina.startup.VersionLoggerListener.log Command line argument: -Djdk.tls.ephemeralDHKeySize=2048
25-Jul-2023 11:38:16.472 INFO [main] org.apache.catalina.startup.VersionLoggerListener.log Command line argument: -Djava.protocol.handler.pkgs=org.apache.catalina.webresources
25-Jul-2023 11:38:16.473 INFO [main] org.apache.catalina.startup.VersionLoggerListener.log Command line argument: -Dorg.apache.catalina.security.SecurityListener.UMASK=0027
25-Jul-2023 11:38:16.473 INFO [main] org.apache.catalina.startup.VersionLoggerListener.log Command line argument: -Dignore.endorsed.dirs=
25-Jul-2023 11:38:16.473 INFO [main] org.apache.catalina.startup.VersionLoggerListener.log Command line argument: -Dcatalina.base=/home/cavisson/Development/Udemy/apache-tomcat-9.0.78
25-Jul-2023 11:38:16.473 INFO [main] org.apache.catalina.startup.VersionLoggerListener.log Command line argument: -Dcatalina.home=/home/cavisson/Development/Udemy/apache-tomcat-9.0.78
25-Jul-2023 11:38:16.473 INFO [main] org.apache.catalina.startup.VersionLoggerListener.log Command line argument: -Djava.io.tmpdir=/home/cavisson/Development/Udemy/apache-tomcat-9.0.78/temp
25-Jul-2023 11:38:16.474 INFO [main] org.apache.catalina.core.AprLifecycleListener.lifecycleEvent The Apache Tomcat Native library which allows using OpenSSL was not found on the java.library.path: [/u01/app/oracle/product/11.2.0/xe/lib::/usr/java/packages/lib/amd64:/usr/lib64:/lib64:/lib:/usr/lib]
25-Jul-2023 11:38:16.756 INFO [main] org.apache.coyote.AbstractProtocol.init Initializing ProtocolHandler ["http-nio-8080"]
25-Jul-2023 11:38:16.778 INFO [main] org.apache.catalina.startup.Catalina.load Server initialization in [451] milliseconds
25-Jul-2023 11:38:16.817 INFO [main] org.apache.catalina.core.StandardService.startInternal Starting service [Catalina]
25-Jul-2023 11:38:16.818 INFO [main] org.apache.catalina.core.StandardEngine.startInternal Starting Servlet engine: [Apache Tomcat/9.0.78]
25-Jul-2023 11:38:16.827 INFO [main] org.apache.catalina.startup.HostConfig.deployDirectory Deploying web application directory [/home/cavisson/Development/Udemy/apache-tomcat-9.0.78/webapps/ROOT]
25-Jul-2023 11:38:22.060 WARNING [main] org.apache.catalina.util.SessionIdGeneratorBase.createSecureRandom Creation of SecureRandom instance for session ID generation using [SHA1PRNG] took [5,003] milliseconds.
25-Jul-2023 11:38:22.082 INFO [main] org.apache.catalina.startup.HostConfig.deployDirectory Deployment of web application directory [/home/cavisson/Development/Udemy/apache-tomcat-9.0.78/webapps/ROOT] has finished in [5,256] ms
25-Jul-2023 11:38:22.082 INFO [main] org.apache.catalina.startup.HostConfig.deployDirectory Deploying web application directory [/home/cavisson/Development/Udemy/apache-tomcat-9.0.78/webapps/docs]
25-Jul-2023 11:38:22.103 INFO [main] org.apache.catalina.startup.HostConfig.deployDirectory Deployment of web application directory [/home/cavisson/Development/Udemy/apache-tomcat-9.0.78/webapps/docs] has finished in [21] ms
25-Jul-2023 11:38:22.103 INFO [main] org.apache.catalina.startup.HostConfig.deployDirectory Deploying web application directory [/home/cavisson/Development/Udemy/apache-tomcat-9.0.78/webapps/manager]
25-Jul-2023 11:38:22.159 INFO [main] org.apache.catalina.startup.HostConfig.deployDirectory Deployment of web application directory [/home/cavisson/Development/Udemy/apache-tomcat-9.0.78/webapps/manager] has finished in [56] ms
25-Jul-2023 11:38:22.159 INFO [main] org.apache.catalina.startup.HostConfig.deployDirectory Deploying web application directory [/home/cavisson/Development/Udemy/apache-tomcat-9.0.78/webapps/host-manager]
25-Jul-2023 11:38:22.193 INFO [main] org.apache.catalina.startup.HostConfig.deployDirectory Deployment of web application directory [/home/cavisson/Development/Udemy/apache-tomcat-9.0.78/webapps/host-manager] has finished in [33] ms
25-Jul-2023 11:38:22.193 INFO [main] org.apache.catalina.startup.HostConfig.deployDirectory Deploying web application directory [/home/cavisson/Development/Udemy/apache-tomcat-9.0.78/webapps/examples]
25-Jul-2023 11:38:22.468 INFO [main] org.apache.catalina.startup.HostConfig.deployDirectory Deployment of web application directory [/home/cavisson/Development/Udemy/apache-tomcat-9.0.78/webapps/examples] has finished in [275] ms
25-Jul-2023 11:38:22.477 INFO [main] org.apache.coyote.AbstractProtocol.start Starting ProtocolHandler ["http-nio-8080"]
25-Jul-2023 11:38:22.497 INFO [main] org.apache.catalina.startup.Catalina.start Server startup in [5718] milliseconds
25-Jul-2023 11:39:40.870 INFO [main] org.apache.catalina.core.StandardServer.await A valid shutdown command was received via the shutdown port. Stopping the Server instance.
25-Jul-2023 11:39:40.870 INFO [main] org.apache.coyote.AbstractProtocol.pause Pausing ProtocolHandler ["http-nio-8080"]
25-Jul-2023 11:39:40.872 INFO [main] org.apache.catalina.core.StandardService.stopInternal Stopping service [Catalina]
25-Jul-2023 11:39:40.880 WARNING [main] org.apache.catalina.loader.WebappClassLoaderBase.clearReferencesThreads The web application [ROOT] appears to have started a thread named [SeedGenerator Thread] but has failed to stop it. This is very likely to create a memory leak. Stack trace of thread:
 java.lang.Object.wait(Native Method)
 java.lang.Object.wait(Object.java:502)
 sun.security.provider.SeedGenerator$ThreadedSeedGenerator.run(SeedGenerator.java:334)
 java.lang.Thread.run(Thread.java:750)
25-Jul-2023 11:39:40.899 INFO [main] org.apache.coyote.AbstractProtocol.stop Stopping ProtocolHandler ["http-nio-8080"]
25-Jul-2023 11:39:40.907 INFO [main] org.apache.coyote.AbstractProtocol.destroy Destroying ProtocolHandler ["http-nio-8080"]
25-Jul-2023 11:39:42.471 INFO [main] org.apache.catalina.startup.VersionLoggerListener.log Server version name:   Apache Tomcat/9.0.78
25-Jul-2023 11:39:42.473 INFO [main] org.apache.catalina.startup.VersionLoggerListener.log Server built:          Jul 4 2023 13:15:43 UTC
25-Jul-2023 11:39:42.473 INFO [main] org.apache.catalina.startup.VersionLoggerListener.log Server version number: 9.0.78.0
25-Jul-2023 11:39:42.473 INFO [main] org.apache.catalina.startup.VersionLoggerListener.log OS Name:               Linux
25-Jul-2023 11:39:42.473 INFO [main] org.apache.catalina.startup.VersionLoggerListener.log OS Version:            5.15.0-76-generic
25-Jul-2023 11:39:42.473 INFO [main] org.apache.catalina.startup.VersionLoggerListener.log Architecture:          amd64
25-Jul-2023 11:39:42.473 INFO [main] org.apache.catalina.startup.VersionLoggerListener.log Java Home:             /usr/lib/jvm/jdk1.8.0_161/jre
25-Jul-2023 11:39:42.473 INFO [main] org.apache.catalina.startup.VersionLoggerListener.log JVM Version:           1.8.0_372-b07
25-Jul-2023 11:39:42.473 INFO [main] org.apache.catalina.startup.VersionLoggerListener.log JVM Vendor:            Amazon.com Inc.
25-Jul-2023 11:39:42.474 INFO [main] org.apache.catalina.startup.VersionLoggerListener.log CATALINA_BASE:         /home/cavisson/Development/Udemy/apache-tomcat-9.0.78
25-Jul-2023 11:39:42.474 INFO [main] org.apache.catalina.startup.VersionLoggerListener.log CATALINA_HOME:         /home/cavisson/Development/Udemy/apache-tomcat-9.0.78
25-Jul-2023 11:39:42.474 INFO [main] org.apache.catalina.startup.VersionLoggerListener.log Command line argument: -Djava.util.logging.config.file=/home/cavisson/Development/Udemy/apache-tomcat-9.0.78/conf/logging.properties
25-Jul-2023 11:39:42.474 INFO [main] org.apache.catalina.startup.VersionLoggerListener.log Command line argument: -Djava.util.logging.manager=org.apache.juli.ClassLoaderLogManager
25-Jul-2023 11:39:42.475 INFO [main] org.apache.catalina.startup.VersionLoggerListener.log Command line argument: -XX:+AggressiveOpts
25-Jul-2023 11:39:42.475 INFO [main] org.apache.catalina.startup.VersionLoggerListener.log Command line argument: -Xms256m
25-Jul-2023 11:39:42.476 INFO [main] org.apache.catalina.startup.VersionLoggerListener.log Command line argument: -Xmx512m
25-Jul-2023 11:39:42.476 INFO [main] org.apache.catalina.startup.VersionLoggerListener.log Command line argument: -XX:MaxPermSize=256m
25-Jul-2023 11:39:42.476 INFO [main] org.apache.catalina.startup.VersionLoggerListener.log Command line argument: -XX:+DisableExplicitGC
25-Jul-2023 11:39:42.476 INFO [main] org.apache.catalina.startup.VersionLoggerListener.log Command line argument: -Djdk.tls.ephemeralDHKeySize=2048
25-Jul-2023 11:39:42.477 INFO [main] org.apache.catalina.startup.VersionLoggerListener.log Command line argument: -Djava.protocol.handler.pkgs=org.apache.catalina.webresources
25-Jul-2023 11:39:42.477 INFO [main] org.apache.catalina.startup.VersionLoggerListener.log Command line argument: -Dorg.apache.catalina.security.SecurityListener.UMASK=0027
25-Jul-2023 11:39:42.477 INFO [main] org.apache.catalina.startup.VersionLoggerListener.log Command line argument: -Dignore.endorsed.dirs=
25-Jul-2023 11:39:42.477 INFO [main] org.apache.catalina.startup.VersionLoggerListener.log Command line argument: -Dcatalina.base=/home/cavisson/Development/Udemy/apache-tomcat-9.0.78
25-Jul-2023 11:39:42.477 INFO [main] org.apache.catalina.startup.VersionLoggerListener.log Command line argument: -Dcatalina.home=/home/cavisson/Development/Udemy/apache-tomcat-9.0.78
25-Jul-2023 11:39:42.477 INFO [main] org.apache.catalina.startup.VersionLoggerListener.log Command line argument: -Djava.io.tmpdir=/home/cavisson/Development/Udemy/apache-tomcat-9.0.78/temp
25-Jul-2023 11:39:42.479 INFO [main] org.apache.catalina.core.AprLifecycleListener.lifecycleEvent The Apache Tomcat Native library which allows using OpenSSL was not found on the java.library.path: [/u01/app/oracle/product/11.2.0/xe/lib::/usr/java/packages/lib/amd64:/usr/lib64:/lib64:/lib:/usr/lib]
25-Jul-2023 11:39:42.765 INFO [main] org.apache.coyote.AbstractProtocol.init Initializing ProtocolHandler ["http-nio-8080"]
25-Jul-2023 11:39:42.786 INFO [main] org.apache.catalina.startup.Catalina.load Server initialization in [458] milliseconds
25-Jul-2023 11:39:42.822 INFO [main] org.apache.catalina.core.StandardService.startInternal Starting service [Catalina]
25-Jul-2023 11:39:42.823 INFO [main] org.apache.catalina.core.StandardEngine.startInternal Starting Servlet engine: [Apache Tomcat/9.0.78]
25-Jul-2023 11:39:42.832 INFO [main] org.apache.catalina.startup.HostConfig.deployDirectory Deploying web application directory [/home/cavisson/Development/Udemy/apache-tomcat-9.0.78/webapps/ROOT]
25-Jul-2023 11:39:48.026 WARNING [main] org.apache.catalina.util.SessionIdGeneratorBase.createSecureRandom Creation of SecureRandom instance for session ID generation using [SHA1PRNG] took [5,003] milliseconds.
25-Jul-2023 11:39:48.047 INFO [main] org.apache.catalina.startup.HostConfig.deployDirectory Deployment of web application directory [/home/cavisson/Development/Udemy/apache-tomcat-9.0.78/webapps/ROOT] has finished in [5,214] ms
25-Jul-2023 11:39:48.047 INFO [main] org.apache.catalina.startup.HostConfig.deployDirectory Deploying web application directory [/home/cavisson/Development/Udemy/apache-tomcat-9.0.78/webapps/docs]
25-Jul-2023 11:39:48.103 INFO [main] org.apache.catalina.startup.HostConfig.deployDirectory Deployment of web application directory [/home/cavisson/Development/Udemy/apache-tomcat-9.0.78/webapps/docs] has finished in [56] ms
25-Jul-2023 11:39:48.103 INFO [main] org.apache.catalina.startup.HostConfig.deployDirectory Deploying web application directory [/home/cavisson/Development/Udemy/apache-tomcat-9.0.78/webapps/manager]
25-Jul-2023 11:39:48.164 INFO [main] org.apache.catalina.startup.HostConfig.deployDirectory Deployment of web application directory [/home/cavisson/Development/Udemy/apache-tomcat-9.0.78/webapps/manager] has finished in [61] ms
25-Jul-2023 11:39:48.164 INFO [main] org.apache.catalina.startup.HostConfig.deployDirectory Deploying web application directory [/home/cavisson/Development/Udemy/apache-tomcat-9.0.78/webapps/host-manager]
25-Jul-2023 11:39:48.184 INFO [main] org.apache.catalina.startup.HostConfig.deployDirectory Deployment of web application directory [/home/cavisson/Development/Udemy/apache-tomcat-9.0.78/webapps/host-manager] has finished in [20] ms
25-Jul-2023 11:39:48.184 INFO [main] org.apache.catalina.startup.HostConfig.deployDirectory Deploying web application directory [/home/cavisson/Development/Udemy/apache-tomcat-9.0.78/webapps/examples]
25-Jul-2023 11:39:48.477 INFO [main] org.apache.catalina.startup.HostConfig.deployDirectory Deployment of web application directory [/home/cavisson/Development/Udemy/apache-tomcat-9.0.78/webapps/examples] has finished in [293] ms
25-Jul-2023 11:39:48.481 INFO [main] org.apache.coyote.AbstractProtocol.start Starting ProtocolHandler ["http-nio-8080"]
25-Jul-2023 11:39:48.508 INFO [main] org.apache.catalina.startup.Catalina.start Server startup in [5716] milliseconds
25-Jul-2023 11:41:00.967 INFO [main] org.apache.catalina.core.StandardServer.await A valid shutdown command was received via the shutdown port. Stopping the Server instance.
25-Jul-2023 11:41:00.967 INFO [main] org.apache.coyote.AbstractProtocol.pause Pausing ProtocolHandler ["http-nio-8080"]
25-Jul-2023 11:41:00.969 INFO [main] org.apache.catalina.core.StandardService.stopInternal Stopping service [Catalina]
25-Jul-2023 11:41:00.973 WARNING [main] org.apache.catalina.loader.WebappClassLoaderBase.clearReferencesThreads The web application [ROOT] appears to have started a thread named [SeedGenerator Thread] but has failed to stop it. This is very likely to create a memory leak. Stack trace of thread:
 java.lang.Object.wait(Native Method)
 java.lang.Object.wait(Object.java:502)
 sun.security.provider.SeedGenerator$ThreadedSeedGenerator.run(SeedGenerator.java:334)
 java.lang.Thread.run(Thread.java:750)
25-Jul-2023 11:41:00.991 INFO [main] org.apache.coyote.AbstractProtocol.stop Stopping ProtocolHandler ["http-nio-8080"]
25-Jul-2023 11:41:01.003 INFO [main] org.apache.coyote.AbstractProtocol.destroy Destroying ProtocolHandler ["http-nio-8080"]
