25-Jul-2023 11:32:21.525 INFO [main] org.apache.catalina.core.ApplicationContext.log ContextListener: contextInitialized()
25-Jul-2023 11:32:21.529 INFO [main] org.apache.catalina.core.ApplicationContext.log SessionListener: contextInitialized()
25-Jul-2023 11:32:21.531 INFO [main] org.apache.catalina.core.ApplicationContext.log ContextListener: attributeAdded('StockTicker', 'async.Stockticker@6a6afff2')
25-Jul-2023 11:35:28.888 INFO [main] org.apache.catalina.core.ApplicationContext.log SessionListener: contextDestroyed()
25-Jul-2023 11:35:28.888 INFO [main] org.apache.catalina.core.ApplicationContext.log ContextListener: contextDestroyed()
25-Jul-2023 11:35:36.709 INFO [main] org.apache.catalina.core.ApplicationContext.log ContextListener: contextInitialized()
25-Jul-2023 11:35:36.709 INFO [main] org.apache.catalina.core.ApplicationContext.log SessionListener: contextInitialized()
25-Jul-2023 11:35:36.710 INFO [main] org.apache.catalina.core.ApplicationContext.log ContextListener: attributeAdded('StockTicker', 'async.Stockticker@19d481b')
25-Jul-2023 11:37:09.656 INFO [main] org.apache.catalina.core.ApplicationContext.log SessionListener: contextDestroyed()
25-Jul-2023 11:37:09.657 INFO [main] org.apache.catalina.core.ApplicationContext.log ContextListener: contextDestroyed()
25-Jul-2023 11:37:14.774 INFO [main] org.apache.catalina.core.ApplicationContext.log ContextListener: contextInitialized()
25-Jul-2023 11:37:14.774 INFO [main] org.apache.catalina.core.ApplicationContext.log SessionListener: contextInitialized()
25-Jul-2023 11:37:14.776 INFO [main] org.apache.catalina.core.ApplicationContext.log ContextListener: attributeAdded('StockTicker', 'async.Stockticker@69e1dd28')
25-Jul-2023 11:37:18.547 INFO [main] org.apache.catalina.core.ApplicationContext.log ContextListener: contextInitialized()
25-Jul-2023 11:37:18.547 INFO [main] org.apache.catalina.core.ApplicationContext.log SessionListener: contextInitialized()
25-Jul-2023 11:37:18.555 INFO [main] org.apache.catalina.core.ApplicationContext.log ContextListener: attributeAdded('StockTicker', 'async.Stockticker@19d481b')
25-Jul-2023 11:37:18.721 INFO [main] org.apache.catalina.core.ApplicationContext.log SessionListener: contextDestroyed()
25-Jul-2023 11:37:18.723 INFO [main] org.apache.catalina.core.ApplicationContext.log ContextListener: contextDestroyed()
25-Jul-2023 11:37:44.559 INFO [main] org.apache.catalina.core.ApplicationContext.log SessionListener: contextDestroyed()
25-Jul-2023 11:37:44.559 INFO [main] org.apache.catalina.core.ApplicationContext.log ContextListener: contextDestroyed()
25-Jul-2023 11:38:22.462 INFO [main] org.apache.catalina.core.ApplicationContext.log ContextListener: contextInitialized()
25-Jul-2023 11:38:22.462 INFO [main] org.apache.catalina.core.ApplicationContext.log SessionListener: contextInitialized()
25-Jul-2023 11:38:22.463 INFO [main] org.apache.catalina.core.ApplicationContext.log ContextListener: attributeAdded('StockTicker', 'async.Stockticker@67080771')
25-Jul-2023 11:39:40.885 INFO [main] org.apache.catalina.core.ApplicationContext.log SessionListener: contextDestroyed()
25-Jul-2023 11:39:40.885 INFO [main] org.apache.catalina.core.ApplicationContext.log ContextListener: contextDestroyed()
25-Jul-2023 11:39:48.465 INFO [main] org.apache.catalina.core.ApplicationContext.log ContextListener: contextInitialized()
25-Jul-2023 11:39:48.466 INFO [main] org.apache.catalina.core.ApplicationContext.log SessionListener: contextInitialized()
25-Jul-2023 11:39:48.469 INFO [main] org.apache.catalina.core.ApplicationContext.log ContextListener: attributeAdded('StockTicker', 'async.Stockticker@67080771')
25-Jul-2023 11:41:00.978 INFO [main] org.apache.catalina.core.ApplicationContext.log SessionListener: contextDestroyed()
25-Jul-2023 11:41:00.978 INFO [main] org.apache.catalina.core.ApplicationContext.log ContextListener: contextDestroyed()
